<?xml version="1.0" encoding="UTF-8"?>
<!-- Generated by org.testng.reporters.JUnitReportReporter -->
<testsuite hostname="DESKTOP-8SHG8LJ" failures="0" tests="6" name="Test.FlipkartTest" time="97.962" errors="0" timestamp="2023-02-06T03:01:43 IST" skipped="0">
  <testcase classname="Test.FlipkartTest" name="loginPage" time="0.078"/>
  <system-out/>
  <testcase classname="Test.FlipkartTest" name="mouseHoverOnFashion" time="41.562"/>
  <system-out/>
  <testcase classname="Test.FlipkartTest" name="dragDrop" time="20.109"/>
  <system-out/>
  <testcase classname="Test.FlipkartTest" name="naviagation" time="11.312"/>
  <system-out/>
  <testcase classname="Test.FlipkartTest" name="switchWindows" time="13.044"/>
  <system-out/>
  <testcase classname="Test.FlipkartTest" name="naviagate" time="11.857"/>
  <system-out/>
</testsuite> <!-- Test.FlipkartTest -->
